
ROM used: 4596 (14%)
          4596 (14%) including unused fragments

          4 Average locations per line
          16 Average locations per statement

RAM used: 99 (6%) at main() level
          159 (10%) worst case

Stack used: 7 worst case (out of 27 total available)

Lines Stmts  %   Files
----- ----- ---  -----
  734   287 100  leitorfluxoagua.c
  435     0   0  ..\..\..\PROGRA~2\PICC\devices\18F4520.h
   72     0   0  HeaderLeitor.h
----- -----
 1241   287 Total

Page ROM  %  RAM   Vol Diff  Functions:
---- --- --- ---   --- ----  ----------
0     46   1   0             @const63
0     24   0   0             @GETCH_BIU_1
0     12   0   0    17  1.3  EXT_isr
0     18   0   1    48  1.7  serial_isr
0    522   6   4  1273  7.3  TrataTimer1
0     26   0   0             @MEMSET
0     28   0   1             @SPRINTF
0    242   3  11             @MULFF
0     64   1   5             @FTOSD
0    122   1  13             @DIV3232
0    382   4  13             @PRINTF_L32D_119FPFPF
0     54   1   2             @ITOF
0    348   4  14             @DIVFF
0    620   7  16             @ADDFF
0     36   0   1   138  4.3  AguardaSTX
0     22   0   1   116  3.4  AguardaEndereco
0     12   0   1    53  1.9  AguardaOpcode
0     24   0   1   110  3.4  AguardaTamanho
0     26   0   1   169  3.6  AguardaCheckSum
0     60   1   3   218  5.0  AguardaBuffer
0     74   1   3   318  7.2  CalculaCheckSum
0     92   1   1   499  5.6  MaquinaEstadoSerial
0      8   0   0    37  1.1  ConfigInterrupcaoUART
0     14   0   0    74  1.6  ConfigInterrupcaoEXT
0     24   0   0   106  2.1  ConfigTimer1
0    160   2  36   767  7.0  MontaEEnviaMensagem
0     84   1  29   307  3.9  MontaEEnviaMensagemNula
0    152   2   1   876  7.6  TrataMensagem
0    214   2   5   823  6.4  ResetConsumoAcumulado
0    212   2   5   823  6.4  ResetCalibracaoSensor
0     94   1   6   297  7.0  VerificaChaveEEPROM
0     86   1   7   310  6.7  LeConsumoAcumulado
0     86   1   7   315  6.7  LeCalibracaoSensor
0    194   2   5   519  6.3  SalvaCalibracaoSensor
0    236   3   5   976  7.4  MAIN

Program metrics:
    Functions               24
    Statements              287
    Comments                261
    Volume (V)              15945
    Difficilty (D)          115.5
    Effort to implement (E) 1841788
    Time to implement (T)   28 hours, 25 minutes
    Est Delivered Bugs (B)  5
    Cyclomatic Complexity   43
    Maintainability (MI)    50

 Segment     Used  Free
-----------  ----  ----
00000-00002     4  0  
00004-00006     0  4  
00008-000B4   174  0  
000B6-07FFE  4418  28168  



